<?xml version="1.0" encoding="UTF-8"?>
<testsuite name="demolition.MapTest" tests="2" skipped="0" failures="0" errors="0" timestamp="2021-10-15T05:59:15" hostname="kali" time="0.02">
  <properties/>
  <testcase name="constructMap1()" classname="demolition.MapTest" time="0.013"/>
  <testcase name="mapNullTest()" classname="demolition.MapTest" time="0.003"/>
  <system-out><![CDATA[]]></system-out>
  <system-err><![CDATA[]]></system-err>
</testsuite>
