<?xml version="1.0" encoding="UTF-8"?>
<testsuite name="demolition.TileTest" tests="3" skipped="0" failures="0" errors="0" timestamp="2021-10-16T14:11:00" hostname="kali" time="0.004">
  <properties/>
  <testcase name="constructor()" classname="demolition.TileTest" time="0.0"/>
  <testcase name="test1()" classname="demolition.TileTest" time="0.001"/>
  <testcase name="test2()" classname="demolition.TileTest" time="0.003"/>
  <system-out><![CDATA[]]></system-out>
  <system-err><![CDATA[]]></system-err>
</testsuite>
