<?xml version="1.0" encoding="UTF-8"?>
<testsuite name="demolition.EnemyTest" tests="1" skipped="0" failures="0" errors="0" timestamp="2021-10-18T01:48:29" hostname="kali" time="0.003">
  <properties/>
  <testcase name="testEnemyLoad()" classname="demolition.EnemyTest" time="0.003"/>
  <system-out><![CDATA[]]></system-out>
  <system-err><![CDATA[]]></system-err>
</testsuite>
