<?xml version="1.0" encoding="UTF-8"?>
<testsuite name="demolition.GameObjectTest" tests="8" skipped="0" failures="0" errors="0" timestamp="2021-11-05T01:25:23" hostname="kali" time="0.016">
  <properties/>
  <testcase name="checkMovement1()" classname="demolition.GameObjectTest" time="0.001"/>
  <testcase name="checkMovement2()" classname="demolition.GameObjectTest" time="0.002"/>
  <testcase name="NullCheck1()" classname="demolition.GameObjectTest" time="0.001"/>
  <testcase name="getOriginalTest()" classname="demolition.GameObjectTest" time="0.001"/>
  <testcase name="correct_IandJ_pos_check()" classname="demolition.GameObjectTest" time="0.001"/>
  <testcase name="tickTest1()" classname="demolition.GameObjectTest" time="0.001"/>
  <testcase name="checkWinTest()" classname="demolition.GameObjectTest" time="0.004"/>
  <testcase name="checkKillTest()" classname="demolition.GameObjectTest" time="0.002"/>
  <system-out><![CDATA[]]></system-out>
  <system-err><![CDATA[]]></system-err>
</testsuite>
