<?xml version="1.0" encoding="UTF-8"?>
<testsuite name="demolition.EnemyTest" tests="3" skipped="0" failures="0" errors="0" timestamp="2021-11-05T01:25:23" hostname="kali" time="0.002">
  <properties/>
  <testcase name="yellowEnemyTest()" classname="demolition.EnemyTest" time="0.0"/>
  <testcase name="testEnemyLoad()" classname="demolition.EnemyTest" time="0.001"/>
  <testcase name="testEnemyConstructor1()" classname="demolition.EnemyTest" time="0.001"/>
  <system-out><![CDATA[]]></system-out>
  <system-err><![CDATA[]]></system-err>
</testsuite>
