<?xml version="1.0" encoding="UTF-8"?>
<testsuite name="demolition.MapTest" tests="10" skipped="0" failures="0" errors="0" timestamp="2021-11-05T06:23:35" hostname="kali" time="0.011">
  <properties/>
  <testcase name="loadObjectsInvalid()" classname="demolition.MapTest" time="0.001"/>
  <testcase name="constructMap1()" classname="demolition.MapTest" time="0.0"/>
  <testcase name="constructMap2()" classname="demolition.MapTest" time="0.0"/>
  <testcase name="resetLevel1()" classname="demolition.MapTest" time="0.001"/>
  <testcase name="getBombTest()" classname="demolition.MapTest" time="0.001"/>
  <testcase name="loadObjects1()" classname="demolition.MapTest" time="0.001"/>
  <testcase name="tickMap1()" classname="demolition.MapTest" time="0.001"/>
  <testcase name="tickMap2()" classname="demolition.MapTest" time="0.001"/>
  <testcase name="tickMap3()" classname="demolition.MapTest" time="0.002"/>
  <testcase name="constructMapInvalid()" classname="demolition.MapTest" time="0.0"/>
  <system-out><![CDATA[]]></system-out>
  <system-err><![CDATA[]]></system-err>
</testsuite>
