<?xml version="1.0" encoding="UTF-8"?>
<testsuite name="demolition.SampleTest" tests="1" skipped="0" failures="0" errors="0" timestamp="2021-11-05T04:08:30" hostname="kali" time="0.029">
  <properties/>
  <testcase name="simpleTest()" classname="demolition.SampleTest" time="0.029"/>
  <system-out><![CDATA[]]></system-out>
  <system-err><![CDATA[]]></system-err>
</testsuite>
