<?xml version="1.0" encoding="UTF-8"?>
<testsuite name="demolition.EnemyTest" tests="2" skipped="0" failures="0" errors="0" timestamp="2021-11-03T01:18:42" hostname="kali" time="0.008">
  <properties/>
  <testcase name="testEnemyLoad()" classname="demolition.EnemyTest" time="0.001"/>
  <testcase name="testEnemyConstructor1()" classname="demolition.EnemyTest" time="0.001"/>
  <system-out><![CDATA[]]></system-out>
  <system-err><![CDATA[]]></system-err>
</testsuite>
