<?xml version="1.0" encoding="UTF-8"?>
<testsuite name="demolition.GameObjectTest" tests="5" skipped="0" failures="0" errors="0" timestamp="2021-11-03T08:43:47" hostname="kali" time="0.018">
  <properties/>
  <testcase name="checkMovement1()" classname="demolition.GameObjectTest" time="0.001"/>
  <testcase name="NullCheck1()" classname="demolition.GameObjectTest" time="0.001"/>
  <testcase name="getOriginalTest()" classname="demolition.GameObjectTest" time="0.002"/>
  <testcase name="correct_IandJ_pos_check()" classname="demolition.GameObjectTest" time="0.013"/>
  <testcase name="tickTest1()" classname="demolition.GameObjectTest" time="0.0"/>
  <system-out><![CDATA[]]></system-out>
  <system-err><![CDATA[]]></system-err>
</testsuite>
