<?xml version="1.0" encoding="UTF-8"?>
<testsuite name="demolition.EnemyTest" tests="3" skipped="0" failures="0" errors="0" timestamp="2021-11-05T06:17:14" hostname="kali" time="0.004">
  <properties/>
  <testcase name="testEnemyLoad()" classname="demolition.EnemyTest" time="0.002"/>
  <testcase name="testEnemyConstructor1()" classname="demolition.EnemyTest" time="0.001"/>
  <testcase name="EnemyTest()" classname="demolition.EnemyTest" time="0.001"/>
  <system-out><![CDATA[]]></system-out>
  <system-err><![CDATA[]]></system-err>
</testsuite>
