<?xml version="1.0" encoding="UTF-8"?>
<testsuite name="demolition.TileTest" tests="3" skipped="0" failures="0" errors="0" timestamp="2021-11-02T06:26:45" hostname="kali" time="0.005">
  <properties/>
  <testcase name="constructor()" classname="demolition.TileTest" time="0.0"/>
  <testcase name="test1()" classname="demolition.TileTest" time="0.0"/>
  <testcase name="test2()" classname="demolition.TileTest" time="0.004"/>
  <system-out><![CDATA[]]></system-out>
  <system-err><![CDATA[]]></system-err>
</testsuite>
